{
  "RSpec": {
    "coverage": {
      "/Users/jamesanderson/Turing/mod_3/CloneBnB/spec/features/users/user_authorization_spec.rb": [
        1,
        null,
        1,
        1,
        1,
        1,
        null,
        1,
        null,
        1,
        1,
        1,
        1,
        1,
        null,
        null,
        1,
        1,
        1,
        1,
        null,
        1,
        1,
        1,
        1,
        1,
        null,
        null
      ],
      "/Users/jamesanderson/Turing/mod_3/CloneBnB/spec/rails_helper.rb": [
        null,
        1,
        1,
        null,
        1,
        1,
        1,
        1,
        null,
        1,
        1,
        1,
        1,
        null,
        null,
        null,
        null,
        null,
        null,
        null,
        null,
        null,
        null,
        null,
        null,
        null,
        null,
        null,
        null,
        null,
        null,
        null,
        null,
        null,
        1,
        null,
        1,
        null,
        1,
        null,
        null,
        null,
        null,
        1,
        null,
        null,
        null,
        null,
        null,
        null,
        null,
        null,
        null,
        null,
        null,
        null,
        null,
        null,
        1,
        null,
        null,
        1,
        null,
        null,
        null
      ],
      "/Users/jamesanderson/Turing/mod_3/CloneBnB/config/environment.rb": [
        null,
        1,
        null,
        null,
        1
      ],
      "/Users/jamesanderson/Turing/mod_3/CloneBnB/config/application.rb": [
        1,
        null,
        1,
        null,
        1,
        1,
        1,
        1,
        1,
        1,
        1,
        1,
        null,
        null,
        null,
        null,
        1,
        null,
        1,
        1,
        null,
        null,
        null,
        null,
        null
      ],
      "/Users/jamesanderson/Turing/mod_3/CloneBnB/config/boot.rb": [
        1,
        null,
        1
      ],
      "/Users/jamesanderson/Turing/mod_3/CloneBnB/config/environments/test.rb": [
        1,
        null,
        null,
        null,
        null,
        null,
        null,
        1,
        null,
        null,
        null,
        null,
        1,
        null,
        null,
        1,
        1,
        null,
        null,
        null,
        null,
        1,
        1,
        null,
        null,
        1,
        null,
        null,
        1,
        1,
        null,
        null,
        null,
        null,
        1,
        null,
        null,
        1,
        null,
        null,
        null,
        null
      ],
      "/Users/jamesanderson/Turing/mod_3/CloneBnB/config/initializers/application_controller_renderer.rb": [
        null,
        null,
        null,
        null,
        null,
        null
      ],
      "/Users/jamesanderson/Turing/mod_3/CloneBnB/config/initializers/assets.rb": [
        null,
        null,
        null,
        1,
        null,
        null,
        null,
        null,
        null,
        null,
        null
      ],
      "/Users/jamesanderson/Turing/mod_3/CloneBnB/config/initializers/backtrace_silencers.rb": [
        null,
        null,
        null,
        null,
        null,
        null,
        null
      ],
      "/Users/jamesanderson/Turing/mod_3/CloneBnB/config/initializers/cookies_serializer.rb": [
        null,
        null,
        null,
        null,
        1
      ],
      "/Users/jamesanderson/Turing/mod_3/CloneBnB/config/initializers/datetime.rb": [
        1,
        1,
        0,
        0,
        null,
        null
      ],
      "/Users/jamesanderson/Turing/mod_3/CloneBnB/config/initializers/filter_parameter_logging.rb": [
        null,
        null,
        null,
        1
      ],
      "/Users/jamesanderson/Turing/mod_3/CloneBnB/config/initializers/inflections.rb": [
        null,
        null,
        null,
        null,
        null,
        null,
        null,
        null,
        null,
        null,
        null,
        null,
        null,
        null,
        null,
        null
      ],
      "/Users/jamesanderson/Turing/mod_3/CloneBnB/config/initializers/mime_types.rb": [
        null,
        null,
        null,
        null
      ],
      "/Users/jamesanderson/Turing/mod_3/CloneBnB/config/initializers/new_framework_defaults.rb": [
        null,
        null,
        null,
        null,
        null,
        null,
        null,
        1,
        null,
        null,
        1,
        null,
        null,
        null,
        1,
        null,
        null,
        1,
        null,
        null,
        1,
        null,
        null,
        1
      ],
      "/Users/jamesanderson/Turing/mod_3/CloneBnB/config/initializers/session_store.rb": [
        null,
        null,
        1
      ],
      "/Users/jamesanderson/Turing/mod_3/CloneBnB/config/initializers/wrap_parameters.rb": [
        null,
        null,
        null,
        null,
        null,
        null,
        1,
        2,
        null,
        null,
        null,
        null,
        null,
        null
      ],
      "/Users/jamesanderson/Turing/mod_3/CloneBnB/config/routes.rb": [
        1,
        1,
        null,
        1,
        1,
        1,
        null,
        1,
        null,
        1,
        1,
        null
      ],
      "/Users/jamesanderson/Turing/mod_3/CloneBnB/app/helpers/application_helper.rb": [
        1,
        null
      ],
      "/Users/jamesanderson/Turing/mod_3/CloneBnB/spec/features/users/user_can_become_a_host_spec.rb": [
        1,
        null,
        1,
        1,
        1,
        1,
        1,
        1,
        null,
        1,
        null,
        1,
        1,
        null,
        null,
        1,
        null,
        1,
        1,
        null,
        null,
        1,
        null,
        1,
        1,
        null,
        null,
        1,
        1,
        null,
        null,
        1,
        null,
        null
      ],
      "/Users/jamesanderson/Turing/mod_3/CloneBnB/spec/features/users/user_can_create_account_spec.rb": [
        1,
        null,
        1,
        1,
        1,
        1,
        1,
        1,
        null,
        1,
        1,
        1,
        1,
        1,
        1,
        1,
        1,
        null,
        1,
        1,
        null,
        1,
        1,
        null,
        null,
        1,
        1,
        null,
        null,
        1,
        1,
        1,
        1,
        null,
        null,
        null
      ],
      "/Users/jamesanderson/Turing/mod_3/CloneBnB/spec/features/users/user_logs_in_spec.rb": [
        1,
        null,
        1,
        1,
        1,
        1,
        1,
        null,
        1,
        1,
        null,
        null,
        1,
        null,
        1,
        1,
        1,
        1,
        null,
        null,
        1,
        1,
        null,
        null,
        1,
        1,
        1,
        1,
        1,
        1,
        1,
        1,
        1,
        null,
        1,
        1,
        null,
        null,
        1,
        1,
        1,
        1,
        1,
        1,
        null,
        1,
        1,
        1,
        1,
        null,
        null,
        1,
        1,
        1,
        1,
        1,
        1,
        1,
        1,
        1,
        null,
        1,
        1,
        null,
        null,
        1,
        1,
        1,
        1,
        1,
        null,
        1,
        1,
        1,
        1,
        null,
        null,
        1,
        1,
        null,
        null,
        1,
        1,
        1,
        1,
        1,
        null,
        null,
        1,
        1,
        1,
        1,
        null,
        null,
        1,
        1,
        null,
        null
      ],
      "/Users/jamesanderson/Turing/mod_3/CloneBnB/spec/features/users/user_logs_out_spec.rb": [
        1,
        null,
        1,
        1,
        1,
        null,
        1,
        null,
        1,
        1,
        1,
        null,
        null,
        1,
        1,
        null,
        1,
        1,
        null,
        null,
        1,
        1,
        1,
        null,
        null,
        1,
        null,
        1,
        null,
        1,
        1,
        null,
        null,
        1,
        1,
        1,
        null,
        null,
        null
      ],
      "/Users/jamesanderson/Turing/mod_3/CloneBnB/spec/models/permission_spec.rb": [
        1,
        null,
        1,
        1,
        1,
        1,
        1,
        1,
        null,
        null,
        1,
        1,
        1,
        1,
        null,
        null,
        1,
        1,
        1,
        1,
        null,
        null,
        1,
        1,
        1,
        1,
        null,
        null,
        null,
        1,
        1,
        1,
        1,
        1,
        1,
        1,
        null,
        null,
        1,
        1,
        1,
        1,
        1,
        1,
        null,
        null,
        1,
        1,
        1,
        1,
        1,
        1,
        null,
        null,
        1,
        1,
        1,
        1,
        1,
        1,
        null,
        null,
        null,
        1,
        1,
        1,
        1,
        1,
        1,
        1,
        null,
        null,
        1,
        1,
        1,
        1,
        1,
        1,
        null,
        null,
        1,
        1,
        1,
        1,
        1,
        1,
        null,
        null,
        1,
        1,
        1,
        1,
        1,
        1,
        null,
        null,
        null
      ],
      "/Users/jamesanderson/Turing/mod_3/CloneBnB/app/services/permission.rb": [
        1,
        1,
        1,
        41,
        null,
        null,
        1,
        29,
        29,
        null,
        29,
        7,
        null,
        22,
        null,
        null,
        null,
        1,
        26,
        14,
        7,
        null,
        null,
        1,
        11,
        10,
        8,
        5,
        null,
        null,
        1,
        4,
        3,
        2,
        1,
        null,
        null
      ],
      "/Users/jamesanderson/Turing/mod_3/CloneBnB/spec/models/user_spec.rb": [
        1,
        null,
        1,
        1,
        2,
        2,
        2,
        2,
        2,
        2,
        2,
        null,
        null,
        1,
        2,
        2,
        2,
        2,
        null,
        null,
        1,
        1,
        1,
        null,
        null,
        null,
        null,
        null,
        1,
        null,
        1,
        null,
        null,
        null,
        null,
        null,
        1,
        null,
        1,
        null,
        null,
        null,
        null,
        null,
        1,
        null,
        1,
        null,
        null,
        null,
        null,
        null,
        1,
        1,
        1,
        null,
        1,
        1,
        1,
        1,
        null,
        null,
        null,
        1,
        1,
        1,
        null,
        null,
        null,
        null,
        null,
        1,
        null,
        1,
        null,
        null,
        null,
        null,
        null,
        1,
        null,
        1,
        null,
        null,
        null,
        null,
        null,
        1,
        null,
        1,
        null,
        null,
        null,
        null,
        null,
        1,
        1,
        1,
        null,
        1,
        1,
        1,
        1,
        null,
        null,
        null
      ],
      "/Users/jamesanderson/Turing/mod_3/CloneBnB/app/models/user.rb": [
        1,
        1,
        null,
        1,
        1,
        null,
        1,
        1,
        null,
        1,
        1,
        null,
        1,
        33,
        null,
        null,
        1,
        20,
        null,
        null,
        1,
        1,
        1,
        null,
        null,
        null
      ],
      "/Users/jamesanderson/Turing/mod_3/CloneBnB/app/models/application_record.rb": [
        1,
        1,
        null
      ],
      "/Users/jamesanderson/Turing/mod_3/CloneBnB/spec/fabricators/user_fabricator.rb": [
        1,
        1,
        1,
        1,
        1,
        1,
        1,
        null,
        1,
        8,
        8,
        8,
        8,
        5,
        8,
        8,
        null
      ],
      "/Users/jamesanderson/Turing/mod_3/CloneBnB/app/controllers/dashboard_controller.rb": [
        1,
        1,
        4,
        null,
        null
      ],
      "/Users/jamesanderson/Turing/mod_3/CloneBnB/app/controllers/application_controller.rb": [
        1,
        1,
        1,
        null,
        1,
        null,
        1,
        88,
        null,
        null,
        1,
        29,
        null,
        null,
        1,
        29,
        3,
        null,
        null,
        null,
        1,
        29,
        null,
        null
      ],
      "/Users/jamesanderson/Turing/mod_3/CloneBnB/app/models/user_role.rb": [
        1,
        1,
        1,
        null
      ],
      "/Users/jamesanderson/Turing/mod_3/CloneBnB/app/models/role.rb": [
        1,
        1,
        1,
        null
      ],
      "/Users/jamesanderson/Turing/mod_3/CloneBnB/app/controllers/home_controller.rb": [
        1,
        1,
        null,
        null
      ],
      "/Users/jamesanderson/Turing/mod_3/CloneBnB/app/controllers/users_controller.rb": [
        1,
        1,
        1,
        null,
        null,
        1,
        1,
        1,
        1,
        1,
        1,
        1,
        null,
        0,
        null,
        null,
        null,
        1,
        1,
        null,
        null,
        1,
        1,
        1,
        1,
        1,
        null,
        null,
        1,
        null,
        1,
        2,
        null,
        null,
        null,
        null,
        null,
        null,
        null,
        null
      ],
      "/Users/jamesanderson/Turing/mod_3/CloneBnB/app/controllers/sessions_controller.rb": [
        1,
        null,
        1,
        5,
        5,
        3,
        3,
        3,
        null,
        2,
        2,
        null,
        null,
        null,
        1,
        1,
        1,
        1,
        null,
        null
      ],
      "/Users/jamesanderson/Turing/mod_3/CloneBnB/app/models/listing.rb": [
        1,
        1,
        1,
        1,
        1,
        null
      ],
      "/Users/jamesanderson/Turing/mod_3/CloneBnB/app/models/reservation.rb": [
        1,
        null
      ]
    },
    "timestamp": 1490835114
  }
}
